/home/tedesco/miniconda3/lib/python3.13/site-packages/torch/cuda/__init__.py:65: FutureWarning: The pynvml package is deprecated. Please install nvidia-ml-py instead. If you did not install pynvml directly, please report this to the maintainers of the package that installed pynvml for you.
  import pynvml  # type: ignore[import]
Device: cuda
Parameters: 824,458
step 00050 | loss: 0.7083 | dt: 1ms | remaining: 30s
step 00100 | loss: 0.5572 | dt: 1ms | remaining: 30s
step 00150 | loss: 0.4929 | dt: 1ms | remaining: 30s
step 00200 | loss: 0.4601 | dt: 1ms | remaining: 30s
step 00250 | loss: 0.4573 | dt: 1ms | remaining: 30s
step 00300 | loss: 0.3939 | dt: 1ms | remaining: 30s
step 00350 | loss: 0.3745 | dt: 1ms | remaining: 30s
step 00400 | loss: 0.3702 | dt: 1ms | remaining: 30s
step 00450 | loss: 0.3650 | dt: 1ms | remaining: 29s
step 00500 | loss: 0.3223 | dt: 1ms | remaining: 29s
step 00550 | loss: 0.3541 | dt: 1ms | remaining: 29s
step 00600 | loss: 0.3182 | dt: 1ms | remaining: 29s
step 00650 | loss: 0.3240 | dt: 1ms | remaining: 29s
step 00700 | loss: 0.3450 | dt: 1ms | remaining: 29s
step 00750 | loss: 0.3192 | dt: 1ms | remaining: 29s
step 00800 | loss: 0.2727 | dt: 1ms | remaining: 29s
step 00850 | loss: 0.2990 | dt: 1ms | remaining: 29s
step 00900 | loss: 0.2802 | dt: 1ms | remaining: 29s
step 00950 | loss: 0.2869 | dt: 1ms | remaining: 29s
step 01000 | loss: 0.2914 | dt: 1ms | remaining: 29s
step 01050 | loss: 0.2966 | dt: 1ms | remaining: 29s
step 01100 | loss: 0.2734 | dt: 1ms | remaining: 29s
step 01150 | loss: 0.2729 | dt: 1ms | remaining: 29s
step 01200 | loss: 0.2593 | dt: 1ms | remaining: 29s
step 01250 | loss: 0.2596 | dt: 1ms | remaining: 29s
step 01300 | loss: 0.2858 | dt: 1ms | remaining: 29s
step 01350 | loss: 0.2730 | dt: 1ms | remaining: 29s
step 01400 | loss: 0.2754 | dt: 1ms | remaining: 29s
step 01450 | loss: 0.2505 | dt: 1ms | remaining: 29s
step 01500 | loss: 0.2258 | dt: 1ms | remaining: 29s
step 01550 | loss: 0.2446 | dt: 1ms | remaining: 29s
step 01600 | loss: 0.2204 | dt: 1ms | remaining: 29s
step 01650 | loss: 0.2383 | dt: 1ms | remaining: 29s
step 01700 | loss: 0.2466 | dt: 1ms | remaining: 29s
step 01750 | loss: 0.2624 | dt: 1ms | remaining: 29s
step 01800 | loss: 0.2456 | dt: 1ms | remaining: 29s
step 01850 | loss: 0.2564 | dt: 1ms | remaining: 29s
step 01900 | loss: 0.1994 | dt: 1ms | remaining: 29s
step 01950 | loss: 0.2221 | dt: 1ms | remaining: 29s
step 02000 | loss: 0.2037 | dt: 1ms | remaining: 28s
step 02050 | loss: 0.2303 | dt: 1ms | remaining: 28s
step 02100 | loss: 0.2064 | dt: 1ms | remaining: 28s
step 02150 | loss: 0.2281 | dt: 1ms | remaining: 28s
step 02200 | loss: 0.2373 | dt: 1ms | remaining: 28s
step 02250 | loss: 0.2402 | dt: 1ms | remaining: 28s
step 02300 | loss: 0.2147 | dt: 1ms | remaining: 28s
step 02350 | loss: 0.2046 | dt: 1ms | remaining: 28s
step 02400 | loss: 0.1981 | dt: 1ms | remaining: 28s
step 02450 | loss: 0.1864 | dt: 1ms | remaining: 28s
step 02500 | loss: 0.1906 | dt: 1ms | remaining: 28s
step 02550 | loss: 0.2087 | dt: 1ms | remaining: 28s
step 02600 | loss: 0.2044 | dt: 1ms | remaining: 28s
step 02650 | loss: 0.1815 | dt: 1ms | remaining: 28s
step 02700 | loss: 0.1909 | dt: 1ms | remaining: 28s
step 02750 | loss: 0.2056 | dt: 1ms | remaining: 28s
step 02800 | loss: 0.2107 | dt: 1ms | remaining: 28s
step 02850 | loss: 0.1830 | dt: 1ms | remaining: 28s
step 02900 | loss: 0.1729 | dt: 1ms | remaining: 28s
step 02950 | loss: 0.1868 | dt: 1ms | remaining: 28s
step 03000 | loss: 0.2079 | dt: 1ms | remaining: 28s
step 03050 | loss: 0.1997 | dt: 1ms | remaining: 28s
step 03100 | loss: 0.1864 | dt: 1ms | remaining: 28s
step 03150 | loss: 0.1876 | dt: 1ms | remaining: 28s
step 03200 | loss: 0.1780 | dt: 1ms | remaining: 28s
step 03250 | loss: 0.1847 | dt: 1ms | remaining: 28s
step 03300 | loss: 0.1576 | dt: 1ms | remaining: 28s
step 03350 | loss: 0.1715 | dt: 1ms | remaining: 28s
step 03400 | loss: 0.1660 | dt: 1ms | remaining: 28s
step 03450 | loss: 0.2005 | dt: 1ms | remaining: 28s
step 03500 | loss: 0.1847 | dt: 1ms | remaining: 28s
step 03550 | loss: 0.1850 | dt: 1ms | remaining: 27s
step 03600 | loss: 0.1695 | dt: 1ms | remaining: 27s
step 03650 | loss: 0.1702 | dt: 1ms | remaining: 27s
step 03700 | loss: 0.1951 | dt: 1ms | remaining: 27s
step 03750 | loss: 0.1691 | dt: 1ms | remaining: 27s
step 03800 | loss: 0.1522 | dt: 1ms | remaining: 27s
step 03850 | loss: 0.1628 | dt: 1ms | remaining: 27s
step 03900 | loss: 0.1538 | dt: 1ms | remaining: 27s
step 03950 | loss: 0.1614 | dt: 1ms | remaining: 27s
step 04000 | loss: 0.1791 | dt: 1ms | remaining: 27s
step 04050 | loss: 0.1646 | dt: 1ms | remaining: 27s
step 04100 | loss: 0.1708 | dt: 1ms | remaining: 27s
step 04150 | loss: 0.1690 | dt: 1ms | remaining: 27s
step 04200 | loss: 0.1625 | dt: 1ms | remaining: 27s
step 04250 | loss: 0.1500 | dt: 1ms | remaining: 27s
step 04300 | loss: 0.1611 | dt: 1ms | remaining: 27s
step 04350 | loss: 0.1471 | dt: 1ms | remaining: 27s
step 04400 | loss: 0.1277 | dt: 1ms | remaining: 27s
step 04450 | loss: 0.1662 | dt: 1ms | remaining: 27s
step 04500 | loss: 0.1539 | dt: 1ms | remaining: 27s
step 04550 | loss: 0.1682 | dt: 1ms | remaining: 27s
step 04600 | loss: 0.1519 | dt: 1ms | remaining: 27s
step 04650 | loss: 0.1767 | dt: 1ms | remaining: 27s
step 04700 | loss: 0.1326 | dt: 1ms | remaining: 27s
step 04750 | loss: 0.1631 | dt: 1ms | remaining: 27s
step 04800 | loss: 0.1431 | dt: 1ms | remaining: 27s
step 04850 | loss: 0.1473 | dt: 1ms | remaining: 27s
step 04900 | loss: 0.1446 | dt: 1ms | remaining: 27s
step 04950 | loss: 0.1804 | dt: 1ms | remaining: 27s
step 05000 | loss: 0.1363 | dt: 1ms | remaining: 27s
step 05050 | loss: 0.1329 | dt: 1ms | remaining: 27s
step 05100 | loss: 0.1470 | dt: 1ms | remaining: 26s
step 05150 | loss: 0.1463 | dt: 1ms | remaining: 26s
step 05200 | loss: 0.1230 | dt: 1ms | remaining: 26s
step 05250 | loss: 0.1257 | dt: 1ms | remaining: 26s
step 05300 | loss: 0.1336 | dt: 1ms | remaining: 26s
step 05350 | loss: 0.1391 | dt: 1ms | remaining: 26s
step 05400 | loss: 0.1354 | dt: 1ms | remaining: 26s
step 05450 | loss: 0.1400 | dt: 1ms | remaining: 26s
step 05500 | loss: 0.1526 | dt: 1ms | remaining: 26s
step 05550 | loss: 0.1388 | dt: 1ms | remaining: 26s
step 05600 | loss: 0.1329 | dt: 1ms | remaining: 26s
step 05650 | loss: 0.1214 | dt: 1ms | remaining: 26s
step 05700 | loss: 0.1287 | dt: 1ms | remaining: 26s
step 05750 | loss: 0.1203 | dt: 1ms | remaining: 26s
step 05800 | loss: 0.1309 | dt: 1ms | remaining: 26s
step 05850 | loss: 0.1316 | dt: 1ms | remaining: 26s
step 05900 | loss: 0.1359 | dt: 1ms | remaining: 26s
step 05950 | loss: 0.1240 | dt: 1ms | remaining: 26s
step 06000 | loss: 0.1431 | dt: 1ms | remaining: 26s
step 06050 | loss: 0.1298 | dt: 1ms | remaining: 26s
step 06100 | loss: 0.1057 | dt: 1ms | remaining: 26s
step 06150 | loss: 0.1327 | dt: 1ms | remaining: 26s
step 06200 | loss: 0.1083 | dt: 1ms | remaining: 26s
step 06250 | loss: 0.1157 | dt: 1ms | remaining: 26s
step 06300 | loss: 0.1278 | dt: 1ms | remaining: 26s
step 06350 | loss: 0.1233 | dt: 1ms | remaining: 26s
step 06400 | loss: 0.1342 | dt: 1ms | remaining: 26s
step 06450 | loss: 0.1161 | dt: 1ms | remaining: 26s
step 06500 | loss: 0.1411 | dt: 1ms | remaining: 26s
step 06550 | loss: 0.1462 | dt: 1ms | remaining: 26s
step 06600 | loss: 0.0914 | dt: 1ms | remaining: 26s
step 06650 | loss: 0.0951 | dt: 1ms | remaining: 25s
step 06700 | loss: 0.1162 | dt: 1ms | remaining: 25s
step 06750 | loss: 0.1237 | dt: 1ms | remaining: 25s
step 06800 | loss: 0.0966 | dt: 1ms | remaining: 25s
step 06850 | loss: 0.1206 | dt: 1ms | remaining: 25s
step 06900 | loss: 0.1051 | dt: 1ms | remaining: 25s
step 06950 | loss: 0.1165 | dt: 1ms | remaining: 25s
step 07000 | loss: 0.1321 | dt: 1ms | remaining: 25s
step 07050 | loss: 0.1182 | dt: 1ms | remaining: 25s
step 07100 | loss: 0.1077 | dt: 1ms | remaining: 25s
step 07150 | loss: 0.1168 | dt: 1ms | remaining: 25s
step 07200 | loss: 0.1120 | dt: 1ms | remaining: 25s
step 07250 | loss: 0.1157 | dt: 1ms | remaining: 25s
step 07300 | loss: 0.1104 | dt: 1ms | remaining: 25s
step 07350 | loss: 0.1163 | dt: 1ms | remaining: 25s
step 07400 | loss: 0.1173 | dt: 1ms | remaining: 25s
step 07450 | loss: 0.1139 | dt: 1ms | remaining: 25s
step 07500 | loss: 0.0948 | dt: 1ms | remaining: 25s
step 07550 | loss: 0.1001 | dt: 1ms | remaining: 25s
step 07600 | loss: 0.0899 | dt: 1ms | remaining: 25s
step 07650 | loss: 0.0991 | dt: 1ms | remaining: 25s
step 07700 | loss: 0.1146 | dt: 1ms | remaining: 25s
step 07750 | loss: 0.0995 | dt: 1ms | remaining: 25s
step 07800 | loss: 0.1124 | dt: 1ms | remaining: 25s
step 07850 | loss: 0.1042 | dt: 1ms | remaining: 25s
step 07900 | loss: 0.1113 | dt: 1ms | remaining: 25s
step 07950 | loss: 0.1082 | dt: 1ms | remaining: 25s
step 08000 | loss: 0.0805 | dt: 1ms | remaining: 25s
step 08050 | loss: 0.0909 | dt: 1ms | remaining: 25s
step 08100 | loss: 0.0925 | dt: 1ms | remaining: 25s
step 08150 | loss: 0.0906 | dt: 1ms | remaining: 25s
step 08200 | loss: 0.0986 | dt: 1ms | remaining: 25s
step 08250 | loss: 0.0836 | dt: 1ms | remaining: 24s
step 08300 | loss: 0.1158 | dt: 1ms | remaining: 24s
step 08350 | loss: 0.1085 | dt: 1ms | remaining: 24s
step 08400 | loss: 0.1314 | dt: 1ms | remaining: 24s
step 08450 | loss: 0.0826 | dt: 1ms | remaining: 24s
step 08500 | loss: 0.0858 | dt: 1ms | remaining: 24s
step 08550 | loss: 0.0909 | dt: 1ms | remaining: 24s
step 08600 | loss: 0.0923 | dt: 1ms | remaining: 24s
step 08650 | loss: 0.1019 | dt: 1ms | remaining: 24s
step 08700 | loss: 0.1041 | dt: 1ms | remaining: 24s
step 08750 | loss: 0.0893 | dt: 1ms | remaining: 24s
step 08800 | loss: 0.0869 | dt: 1ms | remaining: 24s
step 08850 | loss: 0.0954 | dt: 1ms | remaining: 24s
step 08900 | loss: 0.0919 | dt: 1ms | remaining: 24s
step 08950 | loss: 0.0900 | dt: 1ms | remaining: 24s
step 09000 | loss: 0.0886 | dt: 1ms | remaining: 24s
step 09050 | loss: 0.0832 | dt: 1ms | remaining: 24s
step 09100 | loss: 0.0915 | dt: 1ms | remaining: 24s
step 09150 | loss: 0.0741 | dt: 1ms | remaining: 24s
step 09200 | loss: 0.1002 | dt: 1ms | remaining: 24s
step 09250 | loss: 0.1004 | dt: 1ms | remaining: 24s
step 09300 | loss: 0.0846 | dt: 1ms | remaining: 24s
step 09350 | loss: 0.1024 | dt: 1ms | remaining: 24s
step 09400 | loss: 0.0832 | dt: 1ms | remaining: 24s
step 09450 | loss: 0.0810 | dt: 1ms | remaining: 24s
step 09500 | loss: 0.0797 | dt: 1ms | remaining: 24s
step 09550 | loss: 0.0851 | dt: 1ms | remaining: 24s
step 09600 | loss: 0.0840 | dt: 1ms | remaining: 24s
step 09650 | loss: 0.0860 | dt: 1ms | remaining: 24s
step 09700 | loss: 0.0748 | dt: 1ms | remaining: 24s
step 09750 | loss: 0.0908 | dt: 1ms | remaining: 24s
step 09800 | loss: 0.0957 | dt: 1ms | remaining: 23s
step 09850 | loss: 0.0886 | dt: 1ms | remaining: 23s
step 09900 | loss: 0.0814 | dt: 1ms | remaining: 23s
step 09950 | loss: 0.0766 | dt: 1ms | remaining: 23s
step 10000 | loss: 0.0926 | dt: 1ms | remaining: 23s
step 10050 | loss: 0.0826 | dt: 1ms | remaining: 23s
step 10100 | loss: 0.0776 | dt: 1ms | remaining: 23s
step 10150 | loss: 0.0845 | dt: 1ms | remaining: 23s
step 10200 | loss: 0.0932 | dt: 1ms | remaining: 23s
step 10250 | loss: 0.0878 | dt: 1ms | remaining: 23s
step 10300 | loss: 0.0842 | dt: 1ms | remaining: 23s
step 10350 | loss: 0.0730 | dt: 1ms | remaining: 23s
step 10400 | loss: 0.0749 | dt: 1ms | remaining: 23s
step 10450 | loss: 0.0823 | dt: 1ms | remaining: 23s
step 10500 | loss: 0.0886 | dt: 1ms | remaining: 23s
step 10550 | loss: 0.0696 | dt: 1ms | remaining: 23s
step 10600 | loss: 0.0984 | dt: 1ms | remaining: 23s
step 10650 | loss: 0.0893 | dt: 1ms | remaining: 23s
step 10700 | loss: 0.0756 | dt: 1ms | remaining: 23s
step 10750 | loss: 0.0843 | dt: 1ms | remaining: 23s
step 10800 | loss: 0.0714 | dt: 1ms | remaining: 23s
step 10850 | loss: 0.0757 | dt: 1ms | remaining: 23s
step 10900 | loss: 0.0846 | dt: 1ms | remaining: 23s
step 10950 | loss: 0.0694 | dt: 1ms | remaining: 23s
step 11000 | loss: 0.0804 | dt: 1ms | remaining: 23s
step 11050 | loss: 0.0676 | dt: 1ms | remaining: 23s
step 11100 | loss: 0.0759 | dt: 1ms | remaining: 23s
step 11150 | loss: 0.0866 | dt: 1ms | remaining: 23s
step 11200 | loss: 0.1000 | dt: 1ms | remaining: 23s
step 11250 | loss: 0.0755 | dt: 1ms | remaining: 23s
step 11300 | loss: 0.0657 | dt: 1ms | remaining: 23s
step 11350 | loss: 0.0831 | dt: 1ms | remaining: 22s
step 11400 | loss: 0.0708 | dt: 1ms | remaining: 22s
step 11450 | loss: 0.0711 | dt: 1ms | remaining: 22s
step 11500 | loss: 0.0769 | dt: 1ms | remaining: 22s
step 11550 | loss: 0.0753 | dt: 1ms | remaining: 22s
step 11600 | loss: 0.0810 | dt: 1ms | remaining: 22s
step 11650 | loss: 0.0719 | dt: 1ms | remaining: 22s
step 11700 | loss: 0.0973 | dt: 1ms | remaining: 22s
step 11750 | loss: 0.0690 | dt: 1ms | remaining: 22s
step 11800 | loss: 0.0606 | dt: 1ms | remaining: 22s
step 11850 | loss: 0.0520 | dt: 1ms | remaining: 22s
step 11900 | loss: 0.0697 | dt: 1ms | remaining: 22s
step 11950 | loss: 0.0730 | dt: 1ms | remaining: 22s
step 12000 | loss: 0.0671 | dt: 1ms | remaining: 22s
step 12050 | loss: 0.0794 | dt: 1ms | remaining: 22s
step 12100 | loss: 0.0844 | dt: 1ms | remaining: 22s
step 12150 | loss: 0.0801 | dt: 1ms | remaining: 22s
step 12200 | loss: 0.0721 | dt: 1ms | remaining: 22s
step 12250 | loss: 0.0750 | dt: 1ms | remaining: 22s
step 12300 | loss: 0.0678 | dt: 1ms | remaining: 22s
step 12350 | loss: 0.0631 | dt: 1ms | remaining: 22s
step 12400 | loss: 0.0712 | dt: 1ms | remaining: 22s
step 12450 | loss: 0.0585 | dt: 1ms | remaining: 22s
step 12500 | loss: 0.0690 | dt: 1ms | remaining: 22s
step 12550 | loss: 0.0904 | dt: 1ms | remaining: 22s
step 12600 | loss: 0.0659 | dt: 1ms | remaining: 22s
step 12650 | loss: 0.0611 | dt: 1ms | remaining: 22s
step 12700 | loss: 0.0614 | dt: 1ms | remaining: 22s
step 12750 | loss: 0.0536 | dt: 1ms | remaining: 22s
step 12800 | loss: 0.0625 | dt: 1ms | remaining: 22s
step 12850 | loss: 0.0691 | dt: 1ms | remaining: 22s
step 12900 | loss: 0.0613 | dt: 1ms | remaining: 21s
step 12950 | loss: 0.0794 | dt: 1ms | remaining: 21s
step 13000 | loss: 0.0601 | dt: 1ms | remaining: 21s
step 13050 | loss: 0.0638 | dt: 1ms | remaining: 21s
step 13100 | loss: 0.0634 | dt: 1ms | remaining: 21s
step 13150 | loss: 0.0682 | dt: 1ms | remaining: 21s
step 13200 | loss: 0.0666 | dt: 1ms | remaining: 21s
step 13250 | loss: 0.0659 | dt: 1ms | remaining: 21s
step 13300 | loss: 0.0629 | dt: 1ms | remaining: 21s
step 13350 | loss: 0.0666 | dt: 1ms | remaining: 21s
step 13400 | loss: 0.0767 | dt: 1ms | remaining: 21s
step 13450 | loss: 0.0691 | dt: 1ms | remaining: 21s
step 13500 | loss: 0.0659 | dt: 1ms | remaining: 21s
step 13550 | loss: 0.0828 | dt: 1ms | remaining: 21s
step 13600 | loss: 0.0561 | dt: 1ms | remaining: 21s
step 13650 | loss: 0.0702 | dt: 1ms | remaining: 21s
step 13700 | loss: 0.0546 | dt: 1ms | remaining: 21s
step 13750 | loss: 0.0531 | dt: 1ms | remaining: 21s
step 13800 | loss: 0.0626 | dt: 1ms | remaining: 21s
step 13850 | loss: 0.0650 | dt: 1ms | remaining: 21s
step 13900 | loss: 0.0652 | dt: 1ms | remaining: 21s
step 13950 | loss: 0.0743 | dt: 1ms | remaining: 21s
step 14000 | loss: 0.0572 | dt: 1ms | remaining: 21s
step 14050 | loss: 0.0604 | dt: 1ms | remaining: 21s
step 14100 | loss: 0.0701 | dt: 1ms | remaining: 21s
step 14150 | loss: 0.0721 | dt: 1ms | remaining: 21s
step 14200 | loss: 0.0594 | dt: 1ms | remaining: 21s
step 14250 | loss: 0.0734 | dt: 1ms | remaining: 21s
step 14300 | loss: 0.0710 | dt: 1ms | remaining: 21s
step 14350 | loss: 0.0740 | dt: 1ms | remaining: 21s
step 14400 | loss: 0.0674 | dt: 1ms | remaining: 21s
step 14450 | loss: 0.0642 | dt: 1ms | remaining: 21s
step 14500 | loss: 0.0638 | dt: 1ms | remaining: 20s
step 14550 | loss: 0.0610 | dt: 1ms | remaining: 20s
step 14600 | loss: 0.0665 | dt: 1ms | remaining: 20s
step 14650 | loss: 0.0589 | dt: 1ms | remaining: 20s
step 14700 | loss: 0.0463 | dt: 1ms | remaining: 20s
step 14750 | loss: 0.0515 | dt: 1ms | remaining: 20s
step 14800 | loss: 0.0662 | dt: 1ms | remaining: 20s
step 14850 | loss: 0.0639 | dt: 1ms | remaining: 20s
step 14900 | loss: 0.0629 | dt: 1ms | remaining: 20s
step 14950 | loss: 0.0785 | dt: 1ms | remaining: 20s
step 15000 | loss: 0.0744 | dt: 1ms | remaining: 20s
step 15050 | loss: 0.0633 | dt: 1ms | remaining: 20s
step 15100 | loss: 0.0658 | dt: 1ms | remaining: 20s
step 15150 | loss: 0.0726 | dt: 1ms | remaining: 20s
step 15200 | loss: 0.0582 | dt: 1ms | remaining: 20s
step 15250 | loss: 0.0677 | dt: 1ms | remaining: 20s
step 15300 | loss: 0.0660 | dt: 1ms | remaining: 20s
step 15350 | loss: 0.0684 | dt: 1ms | remaining: 20s
step 15400 | loss: 0.0631 | dt: 1ms | remaining: 20s
step 15450 | loss: 0.0602 | dt: 1ms | remaining: 20s
step 15500 | loss: 0.0601 | dt: 1ms | remaining: 20s
step 15550 | loss: 0.0564 | dt: 1ms | remaining: 20s
step 15600 | loss: 0.0664 | dt: 1ms | remaining: 20s
step 15650 | loss: 0.0635 | dt: 1ms | remaining: 20s
step 15700 | loss: 0.0558 | dt: 1ms | remaining: 20s
step 15750 | loss: 0.0644 | dt: 1ms | remaining: 20s
step 15800 | loss: 0.0530 | dt: 1ms | remaining: 20s
step 15850 | loss: 0.0663 | dt: 1ms | remaining: 20s
step 15900 | loss: 0.0615 | dt: 1ms | remaining: 20s
step 15950 | loss: 0.0503 | dt: 1ms | remaining: 20s
step 16000 | loss: 0.0538 | dt: 1ms | remaining: 20s
step 16050 | loss: 0.0641 | dt: 1ms | remaining: 19s
step 16100 | loss: 0.0659 | dt: 1ms | remaining: 19s
step 16150 | loss: 0.0595 | dt: 1ms | remaining: 19s
step 16200 | loss: 0.0564 | dt: 1ms | remaining: 19s
step 16250 | loss: 0.0505 | dt: 1ms | remaining: 19s
step 16300 | loss: 0.0557 | dt: 1ms | remaining: 19s
step 16350 | loss: 0.0588 | dt: 1ms | remaining: 19s
step 16400 | loss: 0.0539 | dt: 1ms | remaining: 19s
step 16450 | loss: 0.0484 | dt: 1ms | remaining: 19s
step 16500 | loss: 0.0728 | dt: 1ms | remaining: 19s
step 16550 | loss: 0.0571 | dt: 1ms | remaining: 19s
step 16600 | loss: 0.0876 | dt: 1ms | remaining: 19s
step 16650 | loss: 0.0690 | dt: 1ms | remaining: 19s
step 16700 | loss: 0.0654 | dt: 1ms | remaining: 19s
step 16750 | loss: 0.0697 | dt: 1ms | remaining: 19s
step 16800 | loss: 0.0532 | dt: 1ms | remaining: 19s
step 16850 | loss: 0.0572 | dt: 1ms | remaining: 19s
step 16900 | loss: 0.0566 | dt: 1ms | remaining: 19s
step 16950 | loss: 0.0499 | dt: 1ms | remaining: 19s
step 17000 | loss: 0.0564 | dt: 1ms | remaining: 19s
step 17050 | loss: 0.0599 | dt: 1ms | remaining: 19s
step 17100 | loss: 0.0555 | dt: 1ms | remaining: 19s
step 17150 | loss: 0.0552 | dt: 1ms | remaining: 19s
step 17200 | loss: 0.0529 | dt: 1ms | remaining: 19s
step 17250 | loss: 0.0610 | dt: 1ms | remaining: 19s
step 17300 | loss: 0.0852 | dt: 1ms | remaining: 19s
step 17350 | loss: 0.0538 | dt: 1ms | remaining: 19s
step 17400 | loss: 0.0533 | dt: 1ms | remaining: 19s
step 17450 | loss: 0.0517 | dt: 1ms | remaining: 19s
step 17500 | loss: 0.0442 | dt: 1ms | remaining: 19s
step 17550 | loss: 0.0720 | dt: 1ms | remaining: 19s
step 17600 | loss: 0.0604 | dt: 1ms | remaining: 18s
step 17650 | loss: 0.0577 | dt: 1ms | remaining: 18s
step 17700 | loss: 0.0666 | dt: 1ms | remaining: 18s
step 17750 | loss: 0.0672 | dt: 1ms | remaining: 18s
step 17800 | loss: 0.0482 | dt: 1ms | remaining: 18s
step 17850 | loss: 0.0460 | dt: 1ms | remaining: 18s
step 17900 | loss: 0.0506 | dt: 1ms | remaining: 18s
step 17950 | loss: 0.0533 | dt: 1ms | remaining: 18s
step 18000 | loss: 0.0649 | dt: 1ms | remaining: 18s
step 18050 | loss: 0.0613 | dt: 1ms | remaining: 18s
step 18100 | loss: 0.0726 | dt: 1ms | remaining: 18s
step 18150 | loss: 0.0475 | dt: 1ms | remaining: 18s
step 18200 | loss: 0.0778 | dt: 1ms | remaining: 18s
step 18250 | loss: 0.0544 | dt: 1ms | remaining: 18s
step 18300 | loss: 0.0472 | dt: 1ms | remaining: 18s
step 18350 | loss: 0.0756 | dt: 1ms | remaining: 18s
step 18400 | loss: 0.0584 | dt: 1ms | remaining: 18s
step 18450 | loss: 0.0567 | dt: 1ms | remaining: 18s
step 18500 | loss: 0.0666 | dt: 1ms | remaining: 18s
step 18550 | loss: 0.0703 | dt: 1ms | remaining: 18s
step 18600 | loss: 0.0586 | dt: 1ms | remaining: 18s
step 18650 | loss: 0.0713 | dt: 1ms | remaining: 18s
step 18700 | loss: 0.0727 | dt: 1ms | remaining: 18s
step 18750 | loss: 0.0533 | dt: 1ms | remaining: 18s
step 18800 | loss: 0.0424 | dt: 1ms | remaining: 18s
step 18850 | loss: 0.0520 | dt: 1ms | remaining: 18s
step 18900 | loss: 0.0398 | dt: 1ms | remaining: 18s
step 18950 | loss: 0.0499 | dt: 1ms | remaining: 18s
step 19000 | loss: 0.0544 | dt: 1ms | remaining: 18s
step 19050 | loss: 0.0547 | dt: 1ms | remaining: 18s
step 19100 | loss: 0.0554 | dt: 1ms | remaining: 18s
step 19150 | loss: 0.0581 | dt: 1ms | remaining: 17s
step 19200 | loss: 0.0468 | dt: 1ms | remaining: 17s
step 19250 | loss: 0.0459 | dt: 1ms | remaining: 17s
step 19300 | loss: 0.0662 | dt: 1ms | remaining: 17s
step 19350 | loss: 0.0637 | dt: 1ms | remaining: 17s
step 19400 | loss: 0.0641 | dt: 1ms | remaining: 17s
step 19450 | loss: 0.0601 | dt: 1ms | remaining: 17s
step 19500 | loss: 0.0444 | dt: 1ms | remaining: 17s
step 19550 | loss: 0.0538 | dt: 1ms | remaining: 17s
step 19600 | loss: 0.0563 | dt: 1ms | remaining: 17s
step 19650 | loss: 0.0603 | dt: 1ms | remaining: 17s
step 19700 | loss: 0.0461 | dt: 1ms | remaining: 17s
step 19750 | loss: 0.0512 | dt: 1ms | remaining: 17s
step 19800 | loss: 0.0576 | dt: 1ms | remaining: 17s
step 19850 | loss: 0.0641 | dt: 1ms | remaining: 17s
step 19900 | loss: 0.0576 | dt: 1ms | remaining: 17s
step 19950 | loss: 0.0566 | dt: 1ms | remaining: 17s
step 20000 | loss: 0.0567 | dt: 1ms | remaining: 17s
step 20050 | loss: 0.0728 | dt: 1ms | remaining: 17s
step 20100 | loss: 0.0532 | dt: 1ms | remaining: 17s
step 20150 | loss: 0.0344 | dt: 1ms | remaining: 17s
step 20200 | loss: 0.0458 | dt: 1ms | remaining: 17s
step 20250 | loss: 0.0428 | dt: 1ms | remaining: 17s
step 20300 | loss: 0.0472 | dt: 1ms | remaining: 17s
step 20350 | loss: 0.0639 | dt: 1ms | remaining: 17s
step 20400 | loss: 0.0728 | dt: 1ms | remaining: 17s
step 20450 | loss: 0.0601 | dt: 1ms | remaining: 17s
step 20500 | loss: 0.0723 | dt: 1ms | remaining: 17s
step 20550 | loss: 0.0583 | dt: 1ms | remaining: 17s
step 20600 | loss: 0.0494 | dt: 1ms | remaining: 17s
step 20650 | loss: 0.0532 | dt: 1ms | remaining: 17s
step 20700 | loss: 0.0616 | dt: 1ms | remaining: 17s
step 20750 | loss: 0.0470 | dt: 1ms | remaining: 16s
step 20800 | loss: 0.0427 | dt: 1ms | remaining: 16s
step 20850 | loss: 0.0585 | dt: 1ms | remaining: 16s
step 20900 | loss: 0.0536 | dt: 1ms | remaining: 16s
step 20950 | loss: 0.0419 | dt: 1ms | remaining: 16s
step 21000 | loss: 0.0482 | dt: 1ms | remaining: 16s
step 21050 | loss: 0.0427 | dt: 1ms | remaining: 16s
step 21100 | loss: 0.0508 | dt: 1ms | remaining: 16s
step 21150 | loss: 0.0382 | dt: 1ms | remaining: 16s
step 21200 | loss: 0.0557 | dt: 1ms | remaining: 16s
step 21250 | loss: 0.0471 | dt: 1ms | remaining: 16s
step 21300 | loss: 0.0530 | dt: 1ms | remaining: 16s
step 21350 | loss: 0.0399 | dt: 1ms | remaining: 16s
step 21400 | loss: 0.0561 | dt: 1ms | remaining: 16s
step 21450 | loss: 0.0468 | dt: 1ms | remaining: 16s
step 21500 | loss: 0.0436 | dt: 1ms | remaining: 16s
step 21550 | loss: 0.0550 | dt: 1ms | remaining: 16s
step 21600 | loss: 0.0385 | dt: 1ms | remaining: 16s
step 21650 | loss: 0.0403 | dt: 1ms | remaining: 16s
step 21700 | loss: 0.0483 | dt: 1ms | remaining: 16s
step 21750 | loss: 0.0520 | dt: 1ms | remaining: 16s
step 21800 | loss: 0.0505 | dt: 1ms | remaining: 16s
step 21850 | loss: 0.0751 | dt: 1ms | remaining: 16s
step 21900 | loss: 0.0603 | dt: 1ms | remaining: 16s
step 21950 | loss: 0.0492 | dt: 1ms | remaining: 16s
step 22000 | loss: 0.0485 | dt: 1ms | remaining: 16s
step 22050 | loss: 0.0451 | dt: 1ms | remaining: 16s
step 22100 | loss: 0.0493 | dt: 1ms | remaining: 16s
step 22150 | loss: 0.0533 | dt: 1ms | remaining: 16s
step 22200 | loss: 0.0380 | dt: 1ms | remaining: 16s
step 22250 | loss: 0.0484 | dt: 1ms | remaining: 16s
step 22300 | loss: 0.0549 | dt: 1ms | remaining: 15s
step 22350 | loss: 0.0550 | dt: 1ms | remaining: 15s
step 22400 | loss: 0.0606 | dt: 1ms | remaining: 15s
step 22450 | loss: 0.0512 | dt: 1ms | remaining: 15s
step 22500 | loss: 0.0495 | dt: 1ms | remaining: 15s
step 22550 | loss: 0.0566 | dt: 1ms | remaining: 15s
step 22600 | loss: 0.0503 | dt: 1ms | remaining: 15s
step 22650 | loss: 0.0497 | dt: 1ms | remaining: 15s
step 22700 | loss: 0.0540 | dt: 1ms | remaining: 15s
step 22750 | loss: 0.0512 | dt: 1ms | remaining: 15s
step 22800 | loss: 0.0428 | dt: 1ms | remaining: 15s
step 22850 | loss: 0.0583 | dt: 1ms | remaining: 15s
step 22900 | loss: 0.0539 | dt: 1ms | remaining: 15s
step 22950 | loss: 0.0543 | dt: 1ms | remaining: 15s
step 23000 | loss: 0.0512 | dt: 1ms | remaining: 15s
step 23050 | loss: 0.0458 | dt: 1ms | remaining: 15s
step 23100 | loss: 0.0578 | dt: 1ms | remaining: 15s
step 23150 | loss: 0.0412 | dt: 1ms | remaining: 15s
step 23200 | loss: 0.0587 | dt: 1ms | remaining: 15s
step 23250 | loss: 0.0528 | dt: 1ms | remaining: 15s
step 23300 | loss: 0.0409 | dt: 1ms | remaining: 15s
step 23350 | loss: 0.0653 | dt: 1ms | remaining: 15s
step 23400 | loss: 0.0529 | dt: 1ms | remaining: 15s
step 23450 | loss: 0.0439 | dt: 1ms | remaining: 15s
step 23500 | loss: 0.0453 | dt: 1ms | remaining: 15s
step 23550 | loss: 0.0481 | dt: 1ms | remaining: 15s
step 23600 | loss: 0.0600 | dt: 1ms | remaining: 15s
step 23650 | loss: 0.0485 | dt: 1ms | remaining: 15s
step 23700 | loss: 0.0577 | dt: 1ms | remaining: 15s
step 23750 | loss: 0.0447 | dt: 1ms | remaining: 15s
step 23800 | loss: 0.0543 | dt: 1ms | remaining: 15s
step 23850 | loss: 0.0457 | dt: 1ms | remaining: 15s
step 23900 | loss: 0.0461 | dt: 1ms | remaining: 14s
step 23950 | loss: 0.0409 | dt: 1ms | remaining: 14s
step 24000 | loss: 0.0427 | dt: 1ms | remaining: 14s
step 24050 | loss: 0.0538 | dt: 1ms | remaining: 14s
step 24100 | loss: 0.0586 | dt: 1ms | remaining: 14s
step 24150 | loss: 0.0476 | dt: 1ms | remaining: 14s
step 24200 | loss: 0.0502 | dt: 1ms | remaining: 14s
step 24250 | loss: 0.0306 | dt: 1ms | remaining: 14s
step 24300 | loss: 0.0472 | dt: 1ms | remaining: 14s
step 24350 | loss: 0.0440 | dt: 1ms | remaining: 14s
step 24400 | loss: 0.0324 | dt: 1ms | remaining: 14s
step 24450 | loss: 0.0372 | dt: 1ms | remaining: 14s
step 24500 | loss: 0.0593 | dt: 1ms | remaining: 14s
step 24550 | loss: 0.0447 | dt: 1ms | remaining: 14s
step 24600 | loss: 0.0366 | dt: 1ms | remaining: 14s
step 24650 | loss: 0.0540 | dt: 1ms | remaining: 14s
step 24700 | loss: 0.0435 | dt: 1ms | remaining: 14s
step 24750 | loss: 0.0446 | dt: 1ms | remaining: 14s
step 24800 | loss: 0.0597 | dt: 1ms | remaining: 14s
step 24850 | loss: 0.0479 | dt: 1ms | remaining: 14s
step 24900 | loss: 0.0634 | dt: 1ms | remaining: 14s
step 24950 | loss: 0.0419 | dt: 1ms | remaining: 14s
step 25000 | loss: 0.0392 | dt: 1ms | remaining: 14s
step 25050 | loss: 0.0392 | dt: 1ms | remaining: 14s
step 25100 | loss: 0.0493 | dt: 1ms | remaining: 14s
step 25150 | loss: 0.0466 | dt: 1ms | remaining: 14s
step 25200 | loss: 0.0443 | dt: 1ms | remaining: 14s
step 25250 | loss: 0.0570 | dt: 1ms | remaining: 14s
step 25300 | loss: 0.0402 | dt: 1ms | remaining: 14s
step 25350 | loss: 0.0460 | dt: 1ms | remaining: 14s
step 25400 | loss: 0.0373 | dt: 1ms | remaining: 14s
step 25450 | loss: 0.0468 | dt: 1ms | remaining: 13s
step 25500 | loss: 0.0368 | dt: 1ms | remaining: 13s
step 25550 | loss: 0.0554 | dt: 1ms | remaining: 13s
step 25600 | loss: 0.0426 | dt: 1ms | remaining: 13s
step 25650 | loss: 0.0352 | dt: 1ms | remaining: 13s
step 25700 | loss: 0.0626 | dt: 1ms | remaining: 13s
step 25750 | loss: 0.0513 | dt: 1ms | remaining: 13s
step 25800 | loss: 0.0559 | dt: 1ms | remaining: 13s
step 25850 | loss: 0.0462 | dt: 1ms | remaining: 13s
step 25900 | loss: 0.0557 | dt: 1ms | remaining: 13s
step 25950 | loss: 0.0520 | dt: 1ms | remaining: 13s
step 26000 | loss: 0.0455 | dt: 1ms | remaining: 13s
step 26050 | loss: 0.0513 | dt: 1ms | remaining: 13s
step 26100 | loss: 0.0520 | dt: 1ms | remaining: 13s
step 26150 | loss: 0.0495 | dt: 1ms | remaining: 13s
step 26200 | loss: 0.0528 | dt: 1ms | remaining: 13s
step 26250 | loss: 0.0516 | dt: 1ms | remaining: 13s
step 26300 | loss: 0.0418 | dt: 1ms | remaining: 13s
step 26350 | loss: 0.0513 | dt: 1ms | remaining: 13s
step 26400 | loss: 0.0414 | dt: 1ms | remaining: 13s
step 26450 | loss: 0.0372 | dt: 1ms | remaining: 13s
step 26500 | loss: 0.0419 | dt: 1ms | remaining: 13s
step 26550 | loss: 0.0305 | dt: 1ms | remaining: 13s
step 26600 | loss: 0.0436 | dt: 1ms | remaining: 13s
step 26650 | loss: 0.0504 | dt: 1ms | remaining: 13s
step 26700 | loss: 0.0584 | dt: 1ms | remaining: 13s
step 26750 | loss: 0.0413 | dt: 1ms | remaining: 13s
step 26800 | loss: 0.0333 | dt: 1ms | remaining: 13s
step 26850 | loss: 0.0504 | dt: 1ms | remaining: 13s
step 26900 | loss: 0.0590 | dt: 1ms | remaining: 13s
step 26950 | loss: 0.0413 | dt: 1ms | remaining: 13s
step 27000 | loss: 0.0416 | dt: 1ms | remaining: 12s
step 27050 | loss: 0.0471 | dt: 1ms | remaining: 12s
step 27100 | loss: 0.0539 | dt: 1ms | remaining: 12s
step 27150 | loss: 0.0275 | dt: 1ms | remaining: 12s
step 27200 | loss: 0.0321 | dt: 1ms | remaining: 12s
step 27250 | loss: 0.0446 | dt: 1ms | remaining: 12s
step 27300 | loss: 0.0385 | dt: 1ms | remaining: 12s
step 27350 | loss: 0.0458 | dt: 1ms | remaining: 12s
step 27400 | loss: 0.0576 | dt: 1ms | remaining: 12s
step 27450 | loss: 0.0632 | dt: 1ms | remaining: 12s
step 27500 | loss: 0.0505 | dt: 1ms | remaining: 12s
step 27550 | loss: 0.0454 | dt: 1ms | remaining: 12s
step 27600 | loss: 0.0470 | dt: 1ms | remaining: 12s
step 27650 | loss: 0.0338 | dt: 1ms | remaining: 12s
step 27700 | loss: 0.0504 | dt: 1ms | remaining: 12s
step 27750 | loss: 0.0408 | dt: 1ms | remaining: 12s
step 27800 | loss: 0.0425 | dt: 1ms | remaining: 12s
step 27850 | loss: 0.0510 | dt: 1ms | remaining: 12s
step 27900 | loss: 0.0373 | dt: 1ms | remaining: 12s
step 27950 | loss: 0.0452 | dt: 1ms | remaining: 12s
step 28000 | loss: 0.0526 | dt: 1ms | remaining: 12s
step 28050 | loss: 0.0510 | dt: 1ms | remaining: 12s
step 28100 | loss: 0.0400 | dt: 1ms | remaining: 12s
step 28150 | loss: 0.0392 | dt: 1ms | remaining: 12s
step 28200 | loss: 0.0520 | dt: 1ms | remaining: 12s
step 28250 | loss: 0.0447 | dt: 1ms | remaining: 12s
step 28300 | loss: 0.0417 | dt: 1ms | remaining: 12s
step 28350 | loss: 0.0417 | dt: 1ms | remaining: 12s
step 28400 | loss: 0.0352 | dt: 1ms | remaining: 12s
step 28450 | loss: 0.0394 | dt: 1ms | remaining: 12s
step 28500 | loss: 0.0460 | dt: 1ms | remaining: 12s
step 28550 | loss: 0.0444 | dt: 1ms | remaining: 11s
step 28600 | loss: 0.0466 | dt: 1ms | remaining: 11s
step 28650 | loss: 0.0292 | dt: 1ms | remaining: 11s
step 28700 | loss: 0.0574 | dt: 1ms | remaining: 11s
step 28750 | loss: 0.0429 | dt: 1ms | remaining: 11s
step 28800 | loss: 0.0463 | dt: 1ms | remaining: 11s
step 28850 | loss: 0.0443 | dt: 1ms | remaining: 11s
step 28900 | loss: 0.0470 | dt: 1ms | remaining: 11s
step 28950 | loss: 0.0517 | dt: 1ms | remaining: 11s
step 29000 | loss: 0.0450 | dt: 1ms | remaining: 11s
step 29050 | loss: 0.0472 | dt: 1ms | remaining: 11s
step 29100 | loss: 0.0355 | dt: 1ms | remaining: 11s
step 29150 | loss: 0.0453 | dt: 1ms | remaining: 11s
step 29200 | loss: 0.0561 | dt: 1ms | remaining: 11s
step 29250 | loss: 0.0457 | dt: 1ms | remaining: 11s
step 29300 | loss: 0.0277 | dt: 1ms | remaining: 11s
step 29350 | loss: 0.0493 | dt: 1ms | remaining: 11s
step 29400 | loss: 0.0416 | dt: 1ms | remaining: 11s
step 29450 | loss: 0.0434 | dt: 1ms | remaining: 11s
step 29500 | loss: 0.0425 | dt: 1ms | remaining: 11s
step 29550 | loss: 0.0540 | dt: 1ms | remaining: 11s
step 29600 | loss: 0.0349 | dt: 1ms | remaining: 11s
step 29650 | loss: 0.0320 | dt: 1ms | remaining: 11s
step 29700 | loss: 0.0343 | dt: 1ms | remaining: 11s
step 29750 | loss: 0.0546 | dt: 1ms | remaining: 11s
step 29800 | loss: 0.0527 | dt: 1ms | remaining: 11s
step 29850 | loss: 0.0494 | dt: 1ms | remaining: 11s
step 29900 | loss: 0.0492 | dt: 1ms | remaining: 11s
step 29950 | loss: 0.0464 | dt: 1ms | remaining: 11s
step 30000 | loss: 0.0419 | dt: 1ms | remaining: 11s
step 30050 | loss: 0.0497 | dt: 1ms | remaining: 11s
step 30100 | loss: 0.0369 | dt: 1ms | remaining: 10s
step 30150 | loss: 0.0509 | dt: 1ms | remaining: 10s
step 30200 | loss: 0.0483 | dt: 1ms | remaining: 10s
step 30250 | loss: 0.0466 | dt: 1ms | remaining: 10s
step 30300 | loss: 0.0517 | dt: 1ms | remaining: 10s
step 30350 | loss: 0.0442 | dt: 1ms | remaining: 10s
step 30400 | loss: 0.0520 | dt: 1ms | remaining: 10s
step 30450 | loss: 0.0336 | dt: 1ms | remaining: 10s
step 30500 | loss: 0.0351 | dt: 1ms | remaining: 10s
step 30550 | loss: 0.0357 | dt: 1ms | remaining: 10s
step 30600 | loss: 0.0406 | dt: 1ms | remaining: 10s
step 30650 | loss: 0.0435 | dt: 1ms | remaining: 10s
step 30700 | loss: 0.0486 | dt: 1ms | remaining: 10s
step 30750 | loss: 0.0430 | dt: 1ms | remaining: 10s
step 30800 | loss: 0.0334 | dt: 1ms | remaining: 10s
step 30850 | loss: 0.0488 | dt: 1ms | remaining: 10s
step 30900 | loss: 0.0377 | dt: 1ms | remaining: 10s
step 30950 | loss: 0.0415 | dt: 1ms | remaining: 10s
step 31000 | loss: 0.0325 | dt: 1ms | remaining: 10s
step 31050 | loss: 0.0349 | dt: 1ms | remaining: 10s
step 31100 | loss: 0.0328 | dt: 1ms | remaining: 10s
step 31150 | loss: 0.0447 | dt: 1ms | remaining: 10s
step 31200 | loss: 0.0551 | dt: 1ms | remaining: 10s
step 31250 | loss: 0.0325 | dt: 1ms | remaining: 10s
step 31300 | loss: 0.0502 | dt: 1ms | remaining: 10s
step 31350 | loss: 0.0466 | dt: 1ms | remaining: 10s
step 31400 | loss: 0.0568 | dt: 1ms | remaining: 10s
step 31450 | loss: 0.0452 | dt: 1ms | remaining: 10s
step 31500 | loss: 0.0382 | dt: 1ms | remaining: 10s
step 31550 | loss: 0.0315 | dt: 1ms | remaining: 10s
step 31600 | loss: 0.0436 | dt: 1ms | remaining: 10s
step 31650 | loss: 0.0476 | dt: 1ms | remaining: 9s
step 31700 | loss: 0.0415 | dt: 1ms | remaining: 9s
step 31750 | loss: 0.0299 | dt: 1ms | remaining: 9s
step 31800 | loss: 0.0465 | dt: 1ms | remaining: 9s
step 31850 | loss: 0.0400 | dt: 1ms | remaining: 9s
step 31900 | loss: 0.0452 | dt: 1ms | remaining: 9s
step 31950 | loss: 0.0513 | dt: 1ms | remaining: 9s
step 32000 | loss: 0.0288 | dt: 1ms | remaining: 9s
step 32050 | loss: 0.0403 | dt: 1ms | remaining: 9s
step 32100 | loss: 0.0382 | dt: 1ms | remaining: 9s
step 32150 | loss: 0.0444 | dt: 1ms | remaining: 9s
step 32200 | loss: 0.0429 | dt: 1ms | remaining: 9s
step 32250 | loss: 0.0513 | dt: 1ms | remaining: 9s
step 32300 | loss: 0.0494 | dt: 1ms | remaining: 9s
step 32350 | loss: 0.0396 | dt: 1ms | remaining: 9s
step 32400 | loss: 0.0346 | dt: 2ms | remaining: 9s
step 32450 | loss: 0.0453 | dt: 1ms | remaining: 9s
step 32500 | loss: 0.0427 | dt: 1ms | remaining: 9s
step 32550 | loss: 0.0339 | dt: 1ms | remaining: 9s
step 32600 | loss: 0.0445 | dt: 1ms | remaining: 9s
step 32650 | loss: 0.0538 | dt: 1ms | remaining: 9s
step 32700 | loss: 0.0361 | dt: 1ms | remaining: 9s
step 32750 | loss: 0.0368 | dt: 1ms | remaining: 9s
step 32800 | loss: 0.0340 | dt: 1ms | remaining: 9s
step 32850 | loss: 0.0375 | dt: 1ms | remaining: 9s
step 32900 | loss: 0.0364 | dt: 1ms | remaining: 9s
step 32950 | loss: 0.0373 | dt: 1ms | remaining: 9s
step 33000 | loss: 0.0412 | dt: 1ms | remaining: 9s
step 33050 | loss: 0.0358 | dt: 1ms | remaining: 9s
step 33100 | loss: 0.0399 | dt: 1ms | remaining: 9s
step 33150 | loss: 0.0509 | dt: 1ms | remaining: 9s
step 33200 | loss: 0.0475 | dt: 1ms | remaining: 8s
step 33250 | loss: 0.0519 | dt: 1ms | remaining: 8s
step 33300 | loss: 0.0276 | dt: 1ms | remaining: 8s
step 33350 | loss: 0.0290 | dt: 1ms | remaining: 8s
step 33400 | loss: 0.0405 | dt: 1ms | remaining: 8s
step 33450 | loss: 0.0368 | dt: 1ms | remaining: 8s
step 33500 | loss: 0.0456 | dt: 1ms | remaining: 8s
step 33550 | loss: 0.0409 | dt: 1ms | remaining: 8s
step 33600 | loss: 0.0642 | dt: 1ms | remaining: 8s
step 33650 | loss: 0.0322 | dt: 1ms | remaining: 8s
step 33700 | loss: 0.0337 | dt: 1ms | remaining: 8s
step 33750 | loss: 0.0299 | dt: 1ms | remaining: 8s
step 33800 | loss: 0.0293 | dt: 1ms | remaining: 8s
step 33850 | loss: 0.0389 | dt: 1ms | remaining: 8s
step 33900 | loss: 0.0512 | dt: 1ms | remaining: 8s
step 33950 | loss: 0.0503 | dt: 1ms | remaining: 8s
step 34000 | loss: 0.0285 | dt: 1ms | remaining: 8s
step 34050 | loss: 0.0476 | dt: 1ms | remaining: 8s
step 34100 | loss: 0.0438 | dt: 1ms | remaining: 8s
step 34150 | loss: 0.0434 | dt: 1ms | remaining: 8s
step 34200 | loss: 0.0436 | dt: 1ms | remaining: 8s
step 34250 | loss: 0.0536 | dt: 1ms | remaining: 8s
step 34300 | loss: 0.0386 | dt: 1ms | remaining: 8s
step 34350 | loss: 0.0368 | dt: 1ms | remaining: 8s
step 34400 | loss: 0.0425 | dt: 1ms | remaining: 8s
step 34450 | loss: 0.0393 | dt: 1ms | remaining: 8s
step 34500 | loss: 0.0603 | dt: 1ms | remaining: 8s
step 34550 | loss: 0.0328 | dt: 1ms | remaining: 8s
step 34600 | loss: 0.0379 | dt: 1ms | remaining: 8s
step 34650 | loss: 0.0368 | dt: 1ms | remaining: 8s
step 34700 | loss: 0.0464 | dt: 1ms | remaining: 8s
step 34750 | loss: 0.0398 | dt: 1ms | remaining: 8s
step 34800 | loss: 0.0224 | dt: 1ms | remaining: 7s
step 34850 | loss: 0.0378 | dt: 1ms | remaining: 7s
step 34900 | loss: 0.0410 | dt: 1ms | remaining: 7s
step 34950 | loss: 0.0629 | dt: 1ms | remaining: 7s
step 35000 | loss: 0.0561 | dt: 1ms | remaining: 7s
step 35050 | loss: 0.0422 | dt: 1ms | remaining: 7s
step 35100 | loss: 0.0441 | dt: 1ms | remaining: 7s
step 35150 | loss: 0.0613 | dt: 1ms | remaining: 7s
step 35200 | loss: 0.0531 | dt: 1ms | remaining: 7s
step 35250 | loss: 0.0331 | dt: 1ms | remaining: 7s
step 35300 | loss: 0.0399 | dt: 1ms | remaining: 7s
step 35350 | loss: 0.0525 | dt: 1ms | remaining: 7s
step 35400 | loss: 0.0447 | dt: 1ms | remaining: 7s
step 35450 | loss: 0.0377 | dt: 1ms | remaining: 7s
step 35500 | loss: 0.0330 | dt: 1ms | remaining: 7s
step 35550 | loss: 0.0282 | dt: 1ms | remaining: 7s
step 35600 | loss: 0.0356 | dt: 1ms | remaining: 7s
step 35650 | loss: 0.0385 | dt: 1ms | remaining: 7s
step 35700 | loss: 0.0279 | dt: 1ms | remaining: 7s
step 35750 | loss: 0.0410 | dt: 1ms | remaining: 7s
step 35800 | loss: 0.0447 | dt: 1ms | remaining: 7s
step 35850 | loss: 0.0318 | dt: 1ms | remaining: 7s
step 35900 | loss: 0.0386 | dt: 1ms | remaining: 7s
step 35950 | loss: 0.0335 | dt: 1ms | remaining: 7s
step 36000 | loss: 0.0332 | dt: 1ms | remaining: 7s
step 36050 | loss: 0.0371 | dt: 1ms | remaining: 7s
step 36100 | loss: 0.0553 | dt: 1ms | remaining: 7s
step 36150 | loss: 0.0393 | dt: 1ms | remaining: 7s
step 36200 | loss: 0.0439 | dt: 1ms | remaining: 7s
step 36250 | loss: 0.0495 | dt: 1ms | remaining: 7s
step 36300 | loss: 0.0365 | dt: 1ms | remaining: 7s
step 36350 | loss: 0.0441 | dt: 1ms | remaining: 6s
step 36400 | loss: 0.0572 | dt: 1ms | remaining: 6s
step 36450 | loss: 0.0328 | dt: 1ms | remaining: 6s
step 36500 | loss: 0.0442 | dt: 1ms | remaining: 6s
step 36550 | loss: 0.0523 | dt: 1ms | remaining: 6s
step 36600 | loss: 0.0455 | dt: 1ms | remaining: 6s
step 36650 | loss: 0.0394 | dt: 1ms | remaining: 6s
step 36700 | loss: 0.0575 | dt: 1ms | remaining: 6s
step 36750 | loss: 0.0373 | dt: 1ms | remaining: 6s
step 36800 | loss: 0.0437 | dt: 1ms | remaining: 6s
step 36850 | loss: 0.0535 | dt: 1ms | remaining: 6s
step 36900 | loss: 0.0464 | dt: 1ms | remaining: 6s
step 36950 | loss: 0.0529 | dt: 1ms | remaining: 6s
step 37000 | loss: 0.0342 | dt: 1ms | remaining: 6s
step 37050 | loss: 0.0289 | dt: 1ms | remaining: 6s
step 37100 | loss: 0.0448 | dt: 1ms | remaining: 6s
step 37150 | loss: 0.0367 | dt: 1ms | remaining: 6s
step 37200 | loss: 0.0386 | dt: 1ms | remaining: 6s
step 37250 | loss: 0.0573 | dt: 1ms | remaining: 6s
step 37300 | loss: 0.0426 | dt: 1ms | remaining: 6s
step 37350 | loss: 0.0441 | dt: 1ms | remaining: 6s
step 37400 | loss: 0.0515 | dt: 1ms | remaining: 6s
step 37450 | loss: 0.0373 | dt: 1ms | remaining: 6s
step 37500 | loss: 0.0318 | dt: 1ms | remaining: 6s
step 37550 | loss: 0.0332 | dt: 1ms | remaining: 6s
step 37600 | loss: 0.0388 | dt: 1ms | remaining: 6s
step 37650 | loss: 0.0239 | dt: 1ms | remaining: 6s
step 37700 | loss: 0.0326 | dt: 1ms | remaining: 6s
step 37750 | loss: 0.0556 | dt: 1ms | remaining: 6s
step 37800 | loss: 0.0288 | dt: 1ms | remaining: 6s
step 37850 | loss: 0.0339 | dt: 1ms | remaining: 6s
step 37900 | loss: 0.0507 | dt: 1ms | remaining: 5s
step 37950 | loss: 0.0306 | dt: 1ms | remaining: 5s
step 38000 | loss: 0.0407 | dt: 1ms | remaining: 5s
step 38050 | loss: 0.0504 | dt: 1ms | remaining: 5s
step 38100 | loss: 0.0449 | dt: 1ms | remaining: 5s
step 38150 | loss: 0.0358 | dt: 1ms | remaining: 5s
step 38200 | loss: 0.0233 | dt: 1ms | remaining: 5s
step 38250 | loss: 0.0440 | dt: 1ms | remaining: 5s
step 38300 | loss: 0.0349 | dt: 1ms | remaining: 5s
step 38350 | loss: 0.0467 | dt: 1ms | remaining: 5s
step 38400 | loss: 0.0446 | dt: 1ms | remaining: 5s
step 38450 | loss: 0.0336 | dt: 1ms | remaining: 5s
step 38500 | loss: 0.0394 | dt: 1ms | remaining: 5s
step 38550 | loss: 0.0398 | dt: 1ms | remaining: 5s
step 38600 | loss: 0.0455 | dt: 1ms | remaining: 5s
step 38650 | loss: 0.0305 | dt: 1ms | remaining: 5s
step 38700 | loss: 0.0520 | dt: 1ms | remaining: 5s
step 38750 | loss: 0.0283 | dt: 1ms | remaining: 5s
step 38800 | loss: 0.0371 | dt: 1ms | remaining: 5s
step 38850 | loss: 0.0332 | dt: 1ms | remaining: 5s
step 38900 | loss: 0.0370 | dt: 1ms | remaining: 5s
step 38950 | loss: 0.0405 | dt: 1ms | remaining: 5s
step 39000 | loss: 0.0448 | dt: 1ms | remaining: 5s
step 39050 | loss: 0.0381 | dt: 1ms | remaining: 5s
step 39100 | loss: 0.0405 | dt: 1ms | remaining: 5s
step 39150 | loss: 0.0476 | dt: 1ms | remaining: 5s
step 39200 | loss: 0.0541 | dt: 1ms | remaining: 5s
step 39250 | loss: 0.0336 | dt: 1ms | remaining: 5s
step 39300 | loss: 0.0354 | dt: 1ms | remaining: 5s
step 39350 | loss: 0.0287 | dt: 1ms | remaining: 5s
step 39400 | loss: 0.0455 | dt: 1ms | remaining: 5s
step 39450 | loss: 0.0282 | dt: 1ms | remaining: 4s
step 39500 | loss: 0.0327 | dt: 1ms | remaining: 4s
step 39550 | loss: 0.0396 | dt: 1ms | remaining: 4s
step 39600 | loss: 0.0493 | dt: 1ms | remaining: 4s
step 39650 | loss: 0.0302 | dt: 1ms | remaining: 4s
step 39700 | loss: 0.0359 | dt: 1ms | remaining: 4s
step 39750 | loss: 0.0409 | dt: 1ms | remaining: 4s
step 39800 | loss: 0.0495 | dt: 1ms | remaining: 4s
step 39850 | loss: 0.0497 | dt: 1ms | remaining: 4s
step 39900 | loss: 0.0360 | dt: 1ms | remaining: 4s
step 39950 | loss: 0.0374 | dt: 1ms | remaining: 4s
step 40000 | loss: 0.0449 | dt: 1ms | remaining: 4s
step 40050 | loss: 0.0355 | dt: 1ms | remaining: 4s
step 40100 | loss: 0.0399 | dt: 1ms | remaining: 4s
step 40150 | loss: 0.0442 | dt: 1ms | remaining: 4s
step 40200 | loss: 0.0282 | dt: 1ms | remaining: 4s
step 40250 | loss: 0.0357 | dt: 1ms | remaining: 4s
step 40300 | loss: 0.0278 | dt: 1ms | remaining: 4s
step 40350 | loss: 0.0340 | dt: 1ms | remaining: 4s
step 40400 | loss: 0.0458 | dt: 1ms | remaining: 4s
step 40450 | loss: 0.0518 | dt: 1ms | remaining: 4s
step 40500 | loss: 0.0469 | dt: 1ms | remaining: 4s
step 40550 | loss: 0.0344 | dt: 1ms | remaining: 4s
step 40600 | loss: 0.0395 | dt: 1ms | remaining: 4s
step 40650 | loss: 0.0325 | dt: 1ms | remaining: 4s
step 40700 | loss: 0.0361 | dt: 1ms | remaining: 4s
step 40750 | loss: 0.0425 | dt: 1ms | remaining: 4s
step 40800 | loss: 0.0282 | dt: 1ms | remaining: 4s
step 40850 | loss: 0.0597 | dt: 1ms | remaining: 4s
step 40900 | loss: 0.0342 | dt: 1ms | remaining: 4s
step 40950 | loss: 0.0453 | dt: 1ms | remaining: 4s
step 41000 | loss: 0.0356 | dt: 1ms | remaining: 3s
step 41050 | loss: 0.0416 | dt: 1ms | remaining: 3s
step 41100 | loss: 0.0393 | dt: 1ms | remaining: 3s
step 41150 | loss: 0.0382 | dt: 1ms | remaining: 3s
step 41200 | loss: 0.0332 | dt: 1ms | remaining: 3s
step 41250 | loss: 0.0273 | dt: 1ms | remaining: 3s
step 41300 | loss: 0.0339 | dt: 1ms | remaining: 3s
step 41350 | loss: 0.0404 | dt: 1ms | remaining: 3s
step 41400 | loss: 0.0383 | dt: 1ms | remaining: 3s
step 41450 | loss: 0.0388 | dt: 1ms | remaining: 3s
step 41500 | loss: 0.0337 | dt: 1ms | remaining: 3s
step 41550 | loss: 0.0521 | dt: 1ms | remaining: 3s
step 41600 | loss: 0.0511 | dt: 1ms | remaining: 3s
step 41650 | loss: 0.0427 | dt: 1ms | remaining: 3s
step 41700 | loss: 0.0308 | dt: 1ms | remaining: 3s
step 41750 | loss: 0.0506 | dt: 1ms | remaining: 3s
step 41800 | loss: 0.0352 | dt: 1ms | remaining: 3s
step 41850 | loss: 0.0380 | dt: 1ms | remaining: 3s
step 41900 | loss: 0.0347 | dt: 1ms | remaining: 3s
step 41950 | loss: 0.0362 | dt: 1ms | remaining: 3s
step 42000 | loss: 0.0332 | dt: 1ms | remaining: 3s
step 42050 | loss: 0.0357 | dt: 1ms | remaining: 3s
step 42100 | loss: 0.0539 | dt: 1ms | remaining: 3s
step 42150 | loss: 0.0274 | dt: 1ms | remaining: 3s
step 42200 | loss: 0.0304 | dt: 1ms | remaining: 3s
step 42250 | loss: 0.0328 | dt: 1ms | remaining: 3s
step 42300 | loss: 0.0421 | dt: 1ms | remaining: 3s
step 42350 | loss: 0.0372 | dt: 1ms | remaining: 3s
step 42400 | loss: 0.0309 | dt: 1ms | remaining: 3s
step 42450 | loss: 0.0372 | dt: 1ms | remaining: 3s
step 42500 | loss: 0.0407 | dt: 1ms | remaining: 3s
step 42550 | loss: 0.0337 | dt: 1ms | remaining: 3s
step 42600 | loss: 0.0527 | dt: 1ms | remaining: 2s
step 42650 | loss: 0.0407 | dt: 1ms | remaining: 2s
step 42700 | loss: 0.0472 | dt: 1ms | remaining: 2s
step 42750 | loss: 0.0302 | dt: 1ms | remaining: 2s
step 42800 | loss: 0.0369 | dt: 1ms | remaining: 2s
step 42850 | loss: 0.0371 | dt: 1ms | remaining: 2s
step 42900 | loss: 0.0370 | dt: 1ms | remaining: 2s
step 42950 | loss: 0.0340 | dt: 1ms | remaining: 2s
step 43000 | loss: 0.0362 | dt: 1ms | remaining: 2s
step 43050 | loss: 0.0414 | dt: 1ms | remaining: 2s
step 43100 | loss: 0.0319 | dt: 1ms | remaining: 2s
step 43150 | loss: 0.0356 | dt: 1ms | remaining: 2s
step 43200 | loss: 0.0382 | dt: 1ms | remaining: 2s
step 43250 | loss: 0.0469 | dt: 1ms | remaining: 2s
step 43300 | loss: 0.0367 | dt: 1ms | remaining: 2s
step 43350 | loss: 0.0521 | dt: 1ms | remaining: 2s
step 43400 | loss: 0.0428 | dt: 1ms | remaining: 2s
step 43450 | loss: 0.0440 | dt: 1ms | remaining: 2s
step 43500 | loss: 0.0404 | dt: 1ms | remaining: 2s
step 43550 | loss: 0.0425 | dt: 1ms | remaining: 2s
step 43600 | loss: 0.0308 | dt: 1ms | remaining: 2s
step 43650 | loss: 0.0349 | dt: 1ms | remaining: 2s
step 43700 | loss: 0.0286 | dt: 1ms | remaining: 2s
step 43750 | loss: 0.0410 | dt: 1ms | remaining: 2s
step 43800 | loss: 0.0438 | dt: 1ms | remaining: 2s
step 43850 | loss: 0.0297 | dt: 1ms | remaining: 2s
step 43900 | loss: 0.0410 | dt: 1ms | remaining: 2s
step 43950 | loss: 0.0431 | dt: 1ms | remaining: 2s
step 44000 | loss: 0.0390 | dt: 1ms | remaining: 2s
step 44050 | loss: 0.0354 | dt: 1ms | remaining: 2s
step 44100 | loss: 0.0269 | dt: 1ms | remaining: 2s
step 44150 | loss: 0.0377 | dt: 1ms | remaining: 2s
step 44200 | loss: 0.0249 | dt: 1ms | remaining: 1s
step 44250 | loss: 0.0458 | dt: 1ms | remaining: 1s
step 44300 | loss: 0.0394 | dt: 1ms | remaining: 1s
step 44350 | loss: 0.0415 | dt: 1ms | remaining: 1s
step 44400 | loss: 0.0337 | dt: 1ms | remaining: 1s
step 44450 | loss: 0.0396 | dt: 1ms | remaining: 1s
step 44500 | loss: 0.0401 | dt: 1ms | remaining: 1s
step 44550 | loss: 0.0307 | dt: 1ms | remaining: 1s
step 44600 | loss: 0.0312 | dt: 1ms | remaining: 1s
step 44650 | loss: 0.0380 | dt: 1ms | remaining: 1s
step 44700 | loss: 0.0451 | dt: 1ms | remaining: 1s
step 44750 | loss: 0.0537 | dt: 1ms | remaining: 1s
step 44800 | loss: 0.0325 | dt: 1ms | remaining: 1s
step 44850 | loss: 0.0375 | dt: 1ms | remaining: 1s
step 44900 | loss: 0.0299 | dt: 1ms | remaining: 1s
step 44950 | loss: 0.0320 | dt: 1ms | remaining: 1s
step 45000 | loss: 0.0290 | dt: 1ms | remaining: 1s
step 45050 | loss: 0.0381 | dt: 1ms | remaining: 1s
step 45100 | loss: 0.0330 | dt: 1ms | remaining: 1s
step 45150 | loss: 0.0263 | dt: 1ms | remaining: 1s
step 45200 | loss: 0.0339 | dt: 1ms | remaining: 1s
step 45250 | loss: 0.0321 | dt: 1ms | remaining: 1s
step 45300 | loss: 0.0375 | dt: 1ms | remaining: 1s
step 45350 | loss: 0.0463 | dt: 1ms | remaining: 1s
step 45400 | loss: 0.0447 | dt: 1ms | remaining: 1s
step 45450 | loss: 0.0346 | dt: 1ms | remaining: 1s
step 45500 | loss: 0.0391 | dt: 1ms | remaining: 1s
step 45550 | loss: 0.0407 | dt: 1ms | remaining: 1s
step 45600 | loss: 0.0588 | dt: 1ms | remaining: 1s
step 45650 | loss: 0.0453 | dt: 1ms | remaining: 1s
step 45700 | loss: 0.0301 | dt: 1ms | remaining: 1s
step 45750 | loss: 0.0250 | dt: 1ms | remaining: 0s
step 45800 | loss: 0.0340 | dt: 1ms | remaining: 0s
step 45850 | loss: 0.0290 | dt: 1ms | remaining: 0s
step 45900 | loss: 0.0240 | dt: 1ms | remaining: 0s
step 45950 | loss: 0.0403 | dt: 1ms | remaining: 0s
step 46000 | loss: 0.0341 | dt: 1ms | remaining: 0s
step 46050 | loss: 0.0282 | dt: 1ms | remaining: 0s
step 46100 | loss: 0.0325 | dt: 1ms | remaining: 0s
step 46150 | loss: 0.0492 | dt: 1ms | remaining: 0s
step 46200 | loss: 0.0359 | dt: 1ms | remaining: 0s
step 46250 | loss: 0.0373 | dt: 1ms | remaining: 0s
step 46300 | loss: 0.0445 | dt: 1ms | remaining: 0s
step 46350 | loss: 0.0223 | dt: 1ms | remaining: 0s
step 46400 | loss: 0.0361 | dt: 1ms | remaining: 0s
step 46450 | loss: 0.0456 | dt: 1ms | remaining: 0s
step 46500 | loss: 0.0371 | dt: 1ms | remaining: 0s

---
val_accuracy:     0.919375
val_loss:         0.504984
training_seconds: 30.0
total_seconds:    75.6
num_steps:        46529
num_params:       824458
